<!DOCTYPE html>
<html>
    <body>
        <a href="/">Back</a>
        <mutation-test-report-app title-postfix="Infection"></mutation-test-report-app>
        <script defer src="https://www.unpkg.com/mutation-testing-elements"></script>
        <script>
            const app = document.getElementsByTagName('mutation-test-report-app').item(0);
            function updateTheme() {
                document.body.style.backgroundColor = app.themeBackgroundColor;
            }
            app.addEventListener('theme-changed', updateTheme);
            updateTheme();

            document.getElementsByTagName('mutation-test-report-app').item(0).report = {"schemaVersion":"1","thresholds":{"high":90,"low":50},"files":{"Http\/Controllers\/Authentication\/AuthController.php":{"language":"php","source":"<?php\n\nnamespace App\\Http\\Controllers\\Authentication;\n\nuse App\\Http\\Controllers\\Controller;\nuse App\\Http\\Requests\\LoginUserRequest;\nuse App\\Models\\User;\nuse Exception;\nuse App\\Services\\AuthService;\n\nclass AuthController extends Controller\n{\n\n  public function getUserTheLoginView()\n  {\n    return view('cms.auth.login');\n  }\n\n  public function loginUser(LoginUserRequest $request)\n  {\n    try {\n      $data = $request->validated();\n      $user = User::where('email', $data['email'])->first();\n      $auth = new AuthService($user, $data);\n\n      $auth->redirectUserIfAlreadyLoggedIn();\n      $auth->redirectUserIfPasswordIsIncorrect();\n\n      auth()->login($user);\n\n      return redirect()->to(route('cms.groups.index'));\n    } catch (Exception $e) {\n      return redirect()->back()->with('message', $e->getMessage());\n    }\n  }\n}\n","mutants":[{"id":"56121abf6d5c3cca17ca79d603f6f86e","mutatorName":"FunctionCall","replacement":"view('cms.auth.login');\n        return null;","description":"Replaces a returned evaluated function with `null` instead. The function evaluation statement is kept\nin order to preserve potential side effects. For example:\n\n```php\nclass X {\n    function foo()\n    {\n        return bar();\n    }\n}\n```\n\nWill be mutated to:\n\n```php\nclass X {\n    function foo()\n    {\n        bar();\n        return null;\n    }\n}\n```\n","location":{"start":{"line":16,"column":5},"end":{"line":16,"column":35}},"status":"Survived","statusReason":"PHPUnit 9.5.25 #StandWithUkraine\n\n.....                                                               5 \/ 5 (100%)\n\nTime: 00:00.479, Memory: 38.50 MB\n\nOK (5 tests, 8 assertions)","coveredBy":["e808c7fb9693ce2bd5c97f16179b4294"],"killedBy":[],"testsCompleted":0}]},"Http\/Controllers\/Cms\/GroupController.php":{"language":"php","source":"<?php\n\nnamespace App\\Http\\Controllers\\Cms;\n\nuse App\\Http\\Controllers\\Controller;\nuse App\\Http\\Requests\\GroupRequest;\nuse App\\Models\\Group;\nuse App\\Services\\GroupService;\nuse Illuminate\\Http\\Request;\n\nclass GroupController extends Controller\n{\n  private $service;\n  public function __construct(GroupService $service)\n  {\n    $this->service = $service;\n  }\n\n  \/**\n   * Display a listing of the resource.\n   *\n   * @return \\Illuminate\\Http\\Response\n   *\/\n  public function index()\n  {\n    $groups = $this->service->listAll();\n\n    return view('cms.groups.index', compact('groups'));\n  }\n\n  \/**\n   * Show the form for creating a new resource.\n   *\n   * @return \\Illuminate\\Http\\Response\n   *\/\n  public function create()\n  {\n    \/\/\n  }\n\n  \/**\n   * Store a newly created resource in storage.\n   *\n   * @param  \\Illuminate\\Http\\Request  $request\n   * @return \\Illuminate\\Http\\Response\n   *\/\n  public function store(GroupRequest $request)\n  {\n    $result = $this->service->create($request->all());\n    return redirect()->back()->with('response', $result);\n  }\n\n  \/**\n   * Display the specified resource.\n   *\n   * @param  int  $id\n   * @return \\Illuminate\\Http\\Response\n   *\/\n  public function show($id)\n  {\n    \/\/\n  }\n\n  \/**\n   * Show the form for editing the specified resource.\n   *\n   * @param  int  $id\n   * @return \\Illuminate\\Http\\Response\n   *\/\n  public function edit($id)\n  {\n    \/\/\n  }\n\n  \/**\n   * Update the specified resource in storage.\n   *\n   * @param  \\Illuminate\\Http\\Request  $request\n   * @param  int  $id\n   * @return \\Illuminate\\Http\\Response\n   *\/\n  public function update(GroupRequest $request, $id)\n  {\n    $result = $this->service->update($id, $request->all());\n    return redirect()->back()->with('response', $result);\n  }\n\n  \/**\n   * Remove the specified resource from storage.\n   *\n   * @param  string  $groups_id\n   * @return \\Illuminate\\Http\\Response\n   *\/\n  public function destroy($groups_id)\n  {\n    $result = $this->service->delete($groups_id);\n    return redirect()->back()->with('response', $result);\n  }\n}\n","mutants":[{"id":"b8bdf28d7947e6aad8f51d116be82430","mutatorName":"FunctionCall","replacement":"view('cms.groups.index', compact('groups'));\n        return null;","description":"Replaces a returned evaluated function with `null` instead. The function evaluation statement is kept\nin order to preserve potential side effects. For example:\n\n```php\nclass X {\n    function foo()\n    {\n        return bar();\n    }\n}\n```\n\nWill be mutated to:\n\n```php\nclass X {\n    function foo()\n    {\n        bar();\n        return null;\n    }\n}\n```\n","location":{"start":{"line":28,"column":5},"end":{"line":28,"column":56}},"status":"Killed","statusReason":"PHPUnit 9.5.25 #StandWithUkraine\n\nF\n\nTime: 00:00.377, Memory: 36.50 MB\n\nThere was 1 failure:\n\n1) Tests\\Feature\\Cms\\GroupsTest::a_user_can_see_the_listing_of_groups\nFailed asserting that '' contains \"non\".\n\n\/var\/www\/html\/vendor\/laravel\/framework\/src\/Illuminate\/Testing\/TestResponse.php:531\n\/var\/www\/html\/tests\/Feature\/Cms\/GroupsTest.php:33\n\nFAILURES!\nTests: 1, Assertions: 1, Failures: 1.","coveredBy":["ae2a0f37f24d8e6fa720bb2a7cc3ed8c"],"killedBy":["ae2a0f37f24d8e6fa720bb2a7cc3ed8c"],"testsCompleted":1}]},"Services\/AuthService.php":{"language":"php","source":"<?php\n\nnamespace App\\Services;\n\nuse App\\Models\\User;\nuse Exception;\nuse Illuminate\\Support\\Facades\\Hash;\nuse Throwable;\n\nclass AuthService\n{\n  protected ?User $user;\n  protected array $data;\n\n  public function __construct(?User $user, array $data)\n  {\n    $this->user = $user;\n    $this->data = $data;\n  }\n\n  public function redirectUserIfAlreadyLoggedIn()\n  {\n    if (auth()->check()) {\n      throw new Exception('Voc\u00ea j\u00e1 est\u00e1 logado.');\n    }\n  }\n\n  public function redirectUserIfPasswordIsIncorrect()\n  {\n    if (!Hash::check($this->data['password'], $this->user->password)) {\n      throw new Exception('A senha est\u00e1 incorreta.');\n    }\n  }\n}\n","mutants":[{"id":"a9d7300940f7e6006dca0c5ce87e46e9","mutatorName":"Throw_","replacement":"new Exception('Voc\u00ea j\u00e1 est\u00e1 logado.');","description":"Removes a throw statement (`throw`). For example:\n\n```php\nthrow new Exception();\n```\n\nWill be mutated to:\n\n```php\nnew Exception();\n```\n","location":{"start":{"line":24,"column":7},"end":{"line":24,"column":54}},"status":"Killed","statusReason":"PHPUnit 9.5.25 #StandWithUkraine\n\nF\n\nTime: 00:00.397, Memory: 36.50 MB\n\nThere was 1 failure:\n\n1) Tests\\Feature\\AuthTest::a_user_receives_an_error_message_if_already_logged\nFailed asserting that null matches expected 'Voc\u00ea j\u00e1 est\u00e1 logado.'.\n\n\/var\/www\/html\/vendor\/laravel\/framework\/src\/Illuminate\/Testing\/TestResponse.php:1183\n\/var\/www\/html\/tests\/Feature\/AuthTest.php:64\n\nFAILURES!\nTests: 1, Assertions: 1, Failures: 1.","coveredBy":["90af962a62aee1e77a73d32623be71a3"],"killedBy":["90af962a62aee1e77a73d32623be71a3"],"testsCompleted":1},{"id":"296818bb28f92f63e76d46d504271fd7","mutatorName":"LogicalNot","replacement":"if (Hash::check($this->data['password'], $this->user->password)) {","description":"Removes a negation operator (`!`), e.g. transforms `!$foo` with `$foo`.","location":{"start":{"line":30,"column":5},"end":{"line":30,"column":72}},"status":"Killed","statusReason":"PHPUnit 9.5.25 #StandWithUkraine\n\nF\n\nTime: 00:00.438, Memory: 36.50 MB\n\nThere was 1 failure:\n\n1) Tests\\Feature\\AuthTest::a_user_can_login\nFailed asserting that two strings are equal.\n--- Expected\n+++ Actual\n@@ @@\n-'http:\/\/localhost\/cms\/groups'\n+'http:\/\/localhost'\n\n\/var\/www\/html\/vendor\/laravel\/framework\/src\/Illuminate\/Testing\/TestResponse.php:322\n\/var\/www\/html\/vendor\/laravel\/framework\/src\/Illuminate\/Testing\/TestResponse.php:209\n\/var\/www\/html\/tests\/Feature\/AuthTest.php:34\n\nFAILURES!\nTests: 1, Assertions: 2, Failures: 1.","coveredBy":["6f85f8652c3ce0d0db0b344459290929","ae3940dba639d222857e340992721445"],"killedBy":["ae3940dba639d222857e340992721445"],"testsCompleted":1},{"id":"064624cfd0661ff41792e7cc1409c175","mutatorName":"Throw_","replacement":"new Exception('A senha est\u00e1 incorreta.');","description":"Removes a throw statement (`throw`). For example:\n\n```php\nthrow new Exception();\n```\n\nWill be mutated to:\n\n```php\nnew Exception();\n```\n","location":{"start":{"line":31,"column":7},"end":{"line":31,"column":55}},"status":"Killed","statusReason":"PHPUnit 9.5.25 #StandWithUkraine\n\nF\n\nTime: 00:00.398, Memory: 36.50 MB\n\nThere was 1 failure:\n\n1) Tests\\Feature\\AuthTest::a_user_cant_login_with_wrong_password\nFailed asserting that null matches expected 'A senha est\u00e1 incorreta.'.\n\n\/var\/www\/html\/vendor\/laravel\/framework\/src\/Illuminate\/Testing\/TestResponse.php:1183\n\/var\/www\/html\/tests\/Feature\/AuthTest.php:48\n\nFAILURES!\nTests: 1, Assertions: 1, Failures: 1.","coveredBy":["6f85f8652c3ce0d0db0b344459290929"],"killedBy":["6f85f8652c3ce0d0db0b344459290929"],"testsCompleted":1}]},"Services\/CmsUserService.php":{"language":"php","source":"<?php\n\nnamespace App\\Services;\n\nuse App\\Models\\User;\nuse Exception;\nuse Illuminate\\Support\\Facades\\Hash;\nuse App\\Interfaces\\CRUD;\n\nclass CmsUserService implements CRUD\n{\n  public function create(array $data)\n  {\n    $data['token'] = Hash::make($data['email']);\n    $data['password'] = Hash::make($data['password']);\n    User::create($data);\n\n    return cms_response(trans('cms.users.success_create'));\n  }\n\n  public function update(int $id, array $data)\n  {\n    try {\n      if (array_key_exists('password', $data)) {\n        $data['password'] = Hash::make($data['password']);\n      }\n\n      $user = $this->__findOrFail($id);\n      $user->update($data);\n\n      return cms_response(trans('cms.users.success_update'));\n    } catch (\\Throwable $th) {\n      return cms_response($th->getMessage(), false, 400);\n    }\n  }\n\n  public function delete(string $ids)\n  {\n    User::whereIn('id', json_decode($ids))->delete();\n    return cms_response(trans('cms.users.success_delete'));\n  }\n\n  private function __findOrFail(int $id)\n  {\n    $user = User::find($id);\n    if ($user instanceof User) {\n      return $user;\n    }\n    throw new Exception(trans('cms.users.error_user_not_found'));\n  }\n}\n","mutants":[{"id":"149f9d92f54a6f9d8bae3daf8e4e5018","mutatorName":"FunctionCall","replacement":"cms_response(trans('cms.users.success_create'));\n        return null;","description":"Replaces a returned evaluated function with `null` instead. The function evaluation statement is kept\nin order to preserve potential side effects. For example:\n\n```php\nclass X {\n    function foo()\n    {\n        return bar();\n    }\n}\n```\n\nWill be mutated to:\n\n```php\nclass X {\n    function foo()\n    {\n        bar();\n        return null;\n    }\n}\n```\n","location":{"start":{"line":18,"column":5},"end":{"line":18,"column":60}},"status":"Killed","statusReason":"PHPUnit 9.5.25 #StandWithUkraine\n\nF\n\nTime: 00:00.434, Memory: 36.50 MB\n\nThere was 1 failure:\n\n1) Tests\\Feature\\Cms\\UsersTest::a_user_can_be_created\nnull does not match expected type \"array\".\n\n\/var\/www\/html\/vendor\/laravel\/framework\/src\/Illuminate\/Testing\/TestResponse.php:1183\n\/var\/www\/html\/tests\/Feature\/Cms\/UsersTest.php:43\n\nFAILURES!\nTests: 1, Assertions: 1, Failures: 1.","coveredBy":["405feb722e3c58c433efe65b70d8e4c7"],"killedBy":["405feb722e3c58c433efe65b70d8e4c7"],"testsCompleted":1},{"id":"41f514667eab98b33dc4dd283074b716","mutatorName":"FunctionCall","replacement":"cms_response(trans('cms.users.success_update'));\n            return null;","description":"Replaces a returned evaluated function with `null` instead. The function evaluation statement is kept\nin order to preserve potential side effects. For example:\n\n```php\nclass X {\n    function foo()\n    {\n        return bar();\n    }\n}\n```\n\nWill be mutated to:\n\n```php\nclass X {\n    function foo()\n    {\n        bar();\n        return null;\n    }\n}\n```\n","location":{"start":{"line":31,"column":7},"end":{"line":31,"column":62}},"status":"Killed","statusReason":"PHPUnit 9.5.25 #StandWithUkraine\n\nF\n\nTime: 00:00.425, Memory: 36.50 MB\n\nThere was 1 failure:\n\n1) Tests\\Feature\\Cms\\UsersTest::a_user_can_be_updated\nnull does not match expected type \"array\".\n\n\/var\/www\/html\/vendor\/laravel\/framework\/src\/Illuminate\/Testing\/TestResponse.php:1183\n\/var\/www\/html\/tests\/Feature\/Cms\/UsersTest.php:82\n\nFAILURES!\nTests: 1, Assertions: 1, Failures: 1.","coveredBy":["5db6c6f251b2366bff6e8b4cdb0842bf","0b8b10ea2fd17eaefd227c8d47c4de37"],"killedBy":["5db6c6f251b2366bff6e8b4cdb0842bf"],"testsCompleted":1},{"id":"7b38ae2e3a6b4d3ce89efebe3ded547f","mutatorName":"FalseValue","replacement":"return cms_response($th->getMessage(), true, 400);","description":"Replaces a boolean literal (`false`) with its opposite value (`true`). ","location":{"start":{"line":33,"column":7},"end":{"line":33,"column":58}},"status":"Killed","statusReason":"PHPUnit 9.5.25 #StandWithUkraine\n\nF\n\nTime: 00:00.432, Memory: 36.50 MB\n\nThere was 1 failure:\n\n1) Tests\\Feature\\Cms\\UsersTest::if_the_user_isnt_found_an_error_is_returned\nFailed asserting that two arrays are equal.\n--- Expected\n+++ Actual\n@@ @@\n     'data' => Array ()\n     'http_status' => 400\n     'msg' => 'cms.users.error_user_not_found'\n-    'success' => false\n+    'success' => true\n )\n\n\/var\/www\/html\/vendor\/laravel\/framework\/src\/Illuminate\/Testing\/TestResponse.php:1183\n\/var\/www\/html\/tests\/Feature\/Cms\/UsersTest.php:102\n\nFAILURES!\nTests: 1, Assertions: 1, Failures: 1.","coveredBy":["dfc3975b3fdb1cbb541c746cccc8f008"],"killedBy":["dfc3975b3fdb1cbb541c746cccc8f008"],"testsCompleted":1},{"id":"8865dd9d3659a9bc761b321ed30b883c","mutatorName":"DecrementInteger","replacement":"return cms_response($th->getMessage(), false, 399);","description":"Decrements an integer value with 1.","location":{"start":{"line":33,"column":7},"end":{"line":33,"column":58}},"status":"Killed","statusReason":"PHPUnit 9.5.25 #StandWithUkraine\n\nF\n\nTime: 00:00.436, Memory: 36.50 MB\n\nThere was 1 failure:\n\n1) Tests\\Feature\\Cms\\UsersTest::if_the_user_isnt_found_an_error_is_returned\nFailed asserting that two arrays are equal.\n--- Expected\n+++ Actual\n@@ @@\n Array (\n     'data' => Array ()\n-    'http_status' => 400\n+    'http_status' => 399\n     'msg' => 'cms.users.error_user_not_found'\n     'success' => false\n )\n\n\/var\/www\/html\/vendor\/laravel\/framework\/src\/Illuminate\/Testing\/TestResponse.php:1183\n\/var\/www\/html\/tests\/Feature\/Cms\/UsersTest.php:102\n\nFAILURES!\nTests: 1, Assertions: 1, Failures: 1.","coveredBy":["dfc3975b3fdb1cbb541c746cccc8f008"],"killedBy":["dfc3975b3fdb1cbb541c746cccc8f008"],"testsCompleted":1},{"id":"61cf4d193ad4f5b8c229cc0928359eda","mutatorName":"IncrementInteger","replacement":"return cms_response($th->getMessage(), false, 401);","description":"Increments an integer value with 1.","location":{"start":{"line":33,"column":7},"end":{"line":33,"column":58}},"status":"Killed","statusReason":"PHPUnit 9.5.25 #StandWithUkraine\n\nF\n\nTime: 00:00.432, Memory: 36.50 MB\n\nThere was 1 failure:\n\n1) Tests\\Feature\\Cms\\UsersTest::if_the_user_isnt_found_an_error_is_returned\nFailed asserting that two arrays are equal.\n--- Expected\n+++ Actual\n@@ @@\n Array (\n     'data' => Array ()\n-    'http_status' => 400\n+    'http_status' => 401\n     'msg' => 'cms.users.error_user_not_found'\n     'success' => false\n )\n\n\/var\/www\/html\/vendor\/laravel\/framework\/src\/Illuminate\/Testing\/TestResponse.php:1183\n\/var\/www\/html\/tests\/Feature\/Cms\/UsersTest.php:102\n\nFAILURES!\nTests: 1, Assertions: 1, Failures: 1.","coveredBy":["dfc3975b3fdb1cbb541c746cccc8f008"],"killedBy":["dfc3975b3fdb1cbb541c746cccc8f008"],"testsCompleted":1},{"id":"8f58deb74f50e0738a6dd33c4b7f6b19","mutatorName":"FunctionCall","replacement":"cms_response($th->getMessage(), false, 400);\n            return null;","description":"Replaces a returned evaluated function with `null` instead. The function evaluation statement is kept\nin order to preserve potential side effects. For example:\n\n```php\nclass X {\n    function foo()\n    {\n        return bar();\n    }\n}\n```\n\nWill be mutated to:\n\n```php\nclass X {\n    function foo()\n    {\n        bar();\n        return null;\n    }\n}\n```\n","location":{"start":{"line":33,"column":7},"end":{"line":33,"column":58}},"status":"Killed","statusReason":"PHPUnit 9.5.25 #StandWithUkraine\n\nF\n\nTime: 00:00.445, Memory: 36.50 MB\n\nThere was 1 failure:\n\n1) Tests\\Feature\\Cms\\UsersTest::if_the_user_isnt_found_an_error_is_returned\nnull does not match expected type \"array\".\n\n\/var\/www\/html\/vendor\/laravel\/framework\/src\/Illuminate\/Testing\/TestResponse.php:1183\n\/var\/www\/html\/tests\/Feature\/Cms\/UsersTest.php:102\n\nFAILURES!\nTests: 1, Assertions: 1, Failures: 1.","coveredBy":["dfc3975b3fdb1cbb541c746cccc8f008"],"killedBy":["dfc3975b3fdb1cbb541c746cccc8f008"],"testsCompleted":1},{"id":"e7822d2de81ee83bf49371cf13bf34b8","mutatorName":"FunctionCall","replacement":"cms_response(trans('cms.users.success_delete'));\n        return null;","description":"Replaces a returned evaluated function with `null` instead. The function evaluation statement is kept\nin order to preserve potential side effects. For example:\n\n```php\nclass X {\n    function foo()\n    {\n        return bar();\n    }\n}\n```\n\nWill be mutated to:\n\n```php\nclass X {\n    function foo()\n    {\n        bar();\n        return null;\n    }\n}\n```\n","location":{"start":{"line":40,"column":5},"end":{"line":40,"column":60}},"status":"Killed","statusReason":"PHPUnit 9.5.25 #StandWithUkraine\n\nF\n\nTime: 00:00.474, Memory: 36.50 MB\n\nThere was 1 failure:\n\n1) Tests\\Feature\\Cms\\UsersTest::users_can_be_excluded\nnull does not match expected type \"array\".\n\n\/var\/www\/html\/vendor\/laravel\/framework\/src\/Illuminate\/Testing\/TestResponse.php:1183\n\/var\/www\/html\/tests\/Feature\/Cms\/UsersTest.php:151\n\nFAILURES!\nTests: 1, Assertions: 1, Failures: 1.","coveredBy":["f725ae16547de2b4a60c6445e2443603"],"killedBy":["f725ae16547de2b4a60c6445e2443603"],"testsCompleted":1},{"id":"9b987f7b1b9903ea0f1fe74923850fd2","mutatorName":"InstanceOf_","replacement":"if (true) {","description":"Replaces an instanceof comparison with `true` and `false`.","location":{"start":{"line":46,"column":5},"end":{"line":46,"column":33}},"status":"Killed","statusReason":"PHPUnit 9.5.25 #StandWithUkraine\n\nF\n\nTime: 00:00.426, Memory: 36.50 MB\n\nThere was 1 failure:\n\n1) Tests\\Feature\\Cms\\UsersTest::if_the_user_isnt_found_an_error_is_returned\nFailed asserting that two arrays are equal.\n--- Expected\n+++ Actual\n@@ @@\n Array (\n     'data' => Array ()\n     'http_status' => 400\n-    'msg' => 'cms.users.error_user_not_found'\n+    'msg' => 'Call to a member function update() on null'\n     'success' => false\n )\n\n\/var\/www\/html\/vendor\/laravel\/framework\/src\/Illuminate\/Testing\/TestResponse.php:1183\n\/var\/www\/html\/tests\/Feature\/Cms\/UsersTest.php:102\n\nFAILURES!\nTests: 1, Assertions: 1, Failures: 1.","coveredBy":["dfc3975b3fdb1cbb541c746cccc8f008","5db6c6f251b2366bff6e8b4cdb0842bf","0b8b10ea2fd17eaefd227c8d47c4de37"],"killedBy":["dfc3975b3fdb1cbb541c746cccc8f008"],"testsCompleted":1},{"id":"bb1e4f882e249346c98357dcd8f2de68","mutatorName":"InstanceOf_","replacement":"if (false) {","description":"Replaces an instanceof comparison with `true` and `false`.","location":{"start":{"line":46,"column":5},"end":{"line":46,"column":33}},"status":"Killed","statusReason":"PHPUnit 9.5.25 #StandWithUkraine\n\nF\n\nTime: 00:00.434, Memory: 36.50 MB\n\nThere was 1 failure:\n\n1) Tests\\Feature\\Cms\\UsersTest::a_user_can_be_updated\nFailed asserting that two arrays are equal.\n--- Expected\n+++ Actual\n@@ @@\n Array (\n     'data' => Array ()\n-    'http_status' => 200\n-    'msg' => 'cms.users.success_update'\n-    'success' => true\n+    'http_status' => 400\n+    'msg' => 'cms.users.error_user_not_found'\n+    'success' => false\n )\n\n\/var\/www\/html\/vendor\/laravel\/framework\/src\/Illuminate\/Testing\/TestResponse.php:1183\n\/var\/www\/html\/tests\/Feature\/Cms\/UsersTest.php:82\n\nFAILURES!\nTests: 1, Assertions: 1, Failures: 1.","coveredBy":["dfc3975b3fdb1cbb541c746cccc8f008","5db6c6f251b2366bff6e8b4cdb0842bf","0b8b10ea2fd17eaefd227c8d47c4de37"],"killedBy":["5db6c6f251b2366bff6e8b4cdb0842bf"],"testsCompleted":1},{"id":"b4d30e88cd6f3689b632a2f50054b056","mutatorName":"Throw_","replacement":"new Exception(trans('cms.users.error_user_not_found'));","description":"Removes a throw statement (`throw`). For example:\n\n```php\nthrow new Exception();\n```\n\nWill be mutated to:\n\n```php\nnew Exception();\n```\n","location":{"start":{"line":49,"column":5},"end":{"line":49,"column":66}},"status":"Killed","statusReason":"PHPUnit 9.5.25 #StandWithUkraine\n\nF\n\nTime: 00:00.418, Memory: 36.50 MB\n\nThere was 1 failure:\n\n1) Tests\\Feature\\Cms\\UsersTest::if_the_user_isnt_found_an_error_is_returned\nFailed asserting that two arrays are equal.\n--- Expected\n+++ Actual\n@@ @@\n Array (\n     'data' => Array ()\n     'http_status' => 400\n-    'msg' => 'cms.users.error_user_not_found'\n+    'msg' => 'Call to a member function update() on null'\n     'success' => false\n )\n\n\/var\/www\/html\/vendor\/laravel\/framework\/src\/Illuminate\/Testing\/TestResponse.php:1183\n\/var\/www\/html\/tests\/Feature\/Cms\/UsersTest.php:102\n\nFAILURES!\nTests: 1, Assertions: 1, Failures: 1.","coveredBy":["dfc3975b3fdb1cbb541c746cccc8f008"],"killedBy":["dfc3975b3fdb1cbb541c746cccc8f008"],"testsCompleted":1}]},"Services\/EventService.php":{"language":"php","source":"<?php\n\nnamespace App\\Services;\n\nuse App\\Models\\Event;\nuse App\\Interfaces\\CRUD;\nuse Exception;\n\nclass EventService implements CRUD\n{\n\n  public function create(array $data)\n  {\n    Event::create($data);\n    return cms_response(trans('cms.events.success_create'));\n  }\n\n  public function update(int $id, array $data)\n  {\n    try {\n      $event = $this->__findOrFail($id);\n      $event->update($data);\n\n      return cms_response(trans('cms.events.success_update'));\n    } catch (\\Throwable $th) {\n      return cms_response($th->getMessage(), false, 400);\n    }\n  }\n\n  public function delete(string $ids)\n  {\n    Event::whereIn('id', json_decode($ids))->delete();\n    return cms_response(trans('cms.events.success_delete'));\n  }\n\n  private function __findOrFail(int $id)\n  {\n    $event = Event::find($id);\n    if ($event instanceof Event) {\n      return $event;\n    }\n    throw new Exception(trans('cms.events.error_not_found'));\n  }\n}\n","mutants":[{"id":"251b68924792b14fb52b1a5818f5621d","mutatorName":"FunctionCall","replacement":"cms_response(trans('cms.events.success_create'));\n        return null;","description":"Replaces a returned evaluated function with `null` instead. The function evaluation statement is kept\nin order to preserve potential side effects. For example:\n\n```php\nclass X {\n    function foo()\n    {\n        return bar();\n    }\n}\n```\n\nWill be mutated to:\n\n```php\nclass X {\n    function foo()\n    {\n        bar();\n        return null;\n    }\n}\n```\n","location":{"start":{"line":15,"column":5},"end":{"line":15,"column":61}},"status":"Killed","statusReason":"PHPUnit 9.5.25 #StandWithUkraine\n\nF\n\nTime: 00:00.433, Memory: 36.50 MB\n\nThere was 1 failure:\n\n1) Tests\\Feature\\Cms\\EventTest::an_event_can_be_created\nnull does not match expected type \"array\".\n\n\/var\/www\/html\/vendor\/laravel\/framework\/src\/Illuminate\/Testing\/TestResponse.php:1183\n\/var\/www\/html\/tests\/Feature\/Cms\/EventTest.php:39\n\nFAILURES!\nTests: 1, Assertions: 1, Failures: 1.","coveredBy":["638a37f20c5d27a6cdc6f16b370f6037","bd1b2aa22e434dca5c7847c859fecc1a"],"killedBy":["638a37f20c5d27a6cdc6f16b370f6037"],"testsCompleted":1},{"id":"acc76691a36dd7c9f42d077d3218ca03","mutatorName":"FunctionCall","replacement":"cms_response(trans('cms.events.success_update'));\n            return null;","description":"Replaces a returned evaluated function with `null` instead. The function evaluation statement is kept\nin order to preserve potential side effects. For example:\n\n```php\nclass X {\n    function foo()\n    {\n        return bar();\n    }\n}\n```\n\nWill be mutated to:\n\n```php\nclass X {\n    function foo()\n    {\n        bar();\n        return null;\n    }\n}\n```\n","location":{"start":{"line":24,"column":7},"end":{"line":24,"column":63}},"status":"Killed","statusReason":"PHPUnit 9.5.25 #StandWithUkraine\n\nF\n\nTime: 00:00.441, Memory: 36.50 MB\n\nThere was 1 failure:\n\n1) Tests\\Feature\\Cms\\EventTest::an_event_can_be_updated\nnull does not match expected type \"array\".\n\n\/var\/www\/html\/vendor\/laravel\/framework\/src\/Illuminate\/Testing\/TestResponse.php:1183\n\/var\/www\/html\/tests\/Feature\/Cms\/EventTest.php:92\n\nFAILURES!\nTests: 1, Assertions: 1, Failures: 1.","coveredBy":["549ba700db62fb1ebbb5985d7b54ec90","ec12931070f5a8484ffa91d11806df4a"],"killedBy":["ec12931070f5a8484ffa91d11806df4a"],"testsCompleted":1},{"id":"c69ed15dc0c6375899db2bbcfd1e9577","mutatorName":"FalseValue","replacement":"return cms_response($th->getMessage(), true, 400);","description":"Replaces a boolean literal (`false`) with its opposite value (`true`). ","location":{"start":{"line":26,"column":7},"end":{"line":26,"column":58}},"status":"Killed","statusReason":"PHPUnit 9.5.25 #StandWithUkraine\n\nF\n\nTime: 00:00.393, Memory: 36.50 MB\n\nThere was 1 failure:\n\n1) Tests\\Feature\\Cms\\EventTest::when_updating_an_event_if_not_found_an_error_is_returned\nFailed asserting that two arrays are equal.\n--- Expected\n+++ Actual\n@@ @@\n     'data' => Array ()\n     'http_status' => 400\n     'msg' => 'cms.events.error_not_found'\n-    'success' => false\n+    'success' => true\n )\n\n\/var\/www\/html\/vendor\/laravel\/framework\/src\/Illuminate\/Testing\/TestResponse.php:1183\n\/var\/www\/html\/tests\/Feature\/Cms\/EventTest.php:129\n\nFAILURES!\nTests: 1, Assertions: 1, Failures: 1.","coveredBy":["dae9d8df40e12382204c566adbaecff1"],"killedBy":["dae9d8df40e12382204c566adbaecff1"],"testsCompleted":1},{"id":"5b0fc11fd532b5d9259a753ca260b568","mutatorName":"DecrementInteger","replacement":"return cms_response($th->getMessage(), false, 399);","description":"Decrements an integer value with 1.","location":{"start":{"line":26,"column":7},"end":{"line":26,"column":58}},"status":"Killed","statusReason":"PHPUnit 9.5.25 #StandWithUkraine\n\nF\n\nTime: 00:00.421, Memory: 36.50 MB\n\nThere was 1 failure:\n\n1) Tests\\Feature\\Cms\\EventTest::when_updating_an_event_if_not_found_an_error_is_returned\nFailed asserting that two arrays are equal.\n--- Expected\n+++ Actual\n@@ @@\n Array (\n     'data' => Array ()\n-    'http_status' => 400\n+    'http_status' => 399\n     'msg' => 'cms.events.error_not_found'\n     'success' => false\n )\n\n\/var\/www\/html\/vendor\/laravel\/framework\/src\/Illuminate\/Testing\/TestResponse.php:1183\n\/var\/www\/html\/tests\/Feature\/Cms\/EventTest.php:129\n\nFAILURES!\nTests: 1, Assertions: 1, Failures: 1.","coveredBy":["dae9d8df40e12382204c566adbaecff1"],"killedBy":["dae9d8df40e12382204c566adbaecff1"],"testsCompleted":1},{"id":"6fb143490f14f761846a54e4ba535ac9","mutatorName":"IncrementInteger","replacement":"return cms_response($th->getMessage(), false, 401);","description":"Increments an integer value with 1.","location":{"start":{"line":26,"column":7},"end":{"line":26,"column":58}},"status":"Killed","statusReason":"PHPUnit 9.5.25 #StandWithUkraine\n\nF\n\nTime: 00:00.411, Memory: 36.50 MB\n\nThere was 1 failure:\n\n1) Tests\\Feature\\Cms\\EventTest::when_updating_an_event_if_not_found_an_error_is_returned\nFailed asserting that two arrays are equal.\n--- Expected\n+++ Actual\n@@ @@\n Array (\n     'data' => Array ()\n-    'http_status' => 400\n+    'http_status' => 401\n     'msg' => 'cms.events.error_not_found'\n     'success' => false\n )\n\n\/var\/www\/html\/vendor\/laravel\/framework\/src\/Illuminate\/Testing\/TestResponse.php:1183\n\/var\/www\/html\/tests\/Feature\/Cms\/EventTest.php:129\n\nFAILURES!\nTests: 1, Assertions: 1, Failures: 1.","coveredBy":["dae9d8df40e12382204c566adbaecff1"],"killedBy":["dae9d8df40e12382204c566adbaecff1"],"testsCompleted":1},{"id":"bcda8828d12e7440fae8fcb731f98bd0","mutatorName":"FunctionCall","replacement":"cms_response($th->getMessage(), false, 400);\n            return null;","description":"Replaces a returned evaluated function with `null` instead. The function evaluation statement is kept\nin order to preserve potential side effects. For example:\n\n```php\nclass X {\n    function foo()\n    {\n        return bar();\n    }\n}\n```\n\nWill be mutated to:\n\n```php\nclass X {\n    function foo()\n    {\n        bar();\n        return null;\n    }\n}\n```\n","location":{"start":{"line":26,"column":7},"end":{"line":26,"column":58}},"status":"Killed","statusReason":"PHPUnit 9.5.25 #StandWithUkraine\n\nF\n\nTime: 00:00.397, Memory: 36.50 MB\n\nThere was 1 failure:\n\n1) Tests\\Feature\\Cms\\EventTest::when_updating_an_event_if_not_found_an_error_is_returned\nnull does not match expected type \"array\".\n\n\/var\/www\/html\/vendor\/laravel\/framework\/src\/Illuminate\/Testing\/TestResponse.php:1183\n\/var\/www\/html\/tests\/Feature\/Cms\/EventTest.php:129\n\nFAILURES!\nTests: 1, Assertions: 1, Failures: 1.","coveredBy":["dae9d8df40e12382204c566adbaecff1"],"killedBy":["dae9d8df40e12382204c566adbaecff1"],"testsCompleted":1},{"id":"8076513e79bc10efbb54f78b6a54fff8","mutatorName":"FunctionCall","replacement":"cms_response(trans('cms.events.success_delete'));\n        return null;","description":"Replaces a returned evaluated function with `null` instead. The function evaluation statement is kept\nin order to preserve potential side effects. For example:\n\n```php\nclass X {\n    function foo()\n    {\n        return bar();\n    }\n}\n```\n\nWill be mutated to:\n\n```php\nclass X {\n    function foo()\n    {\n        bar();\n        return null;\n    }\n}\n```\n","location":{"start":{"line":33,"column":5},"end":{"line":33,"column":61}},"status":"Killed","statusReason":"PHPUnit 9.5.25 #StandWithUkraine\n\nF\n\nTime: 00:00.403, Memory: 36.50 MB\n\nThere was 1 failure:\n\n1) Tests\\Feature\\Cms\\EventTest::events_can_be_excluded\nnull does not match expected type \"array\".\n\n\/var\/www\/html\/vendor\/laravel\/framework\/src\/Illuminate\/Testing\/TestResponse.php:1183\n\/var\/www\/html\/tests\/Feature\/Cms\/EventTest.php:141\n\nFAILURES!\nTests: 1, Assertions: 1, Failures: 1.","coveredBy":["0539f2980963854a287e7b333f5191d8"],"killedBy":["0539f2980963854a287e7b333f5191d8"],"testsCompleted":1},{"id":"edf90a39a963d6b88e2c7fcde9697d6e","mutatorName":"InstanceOf_","replacement":"if (true) {","description":"Replaces an instanceof comparison with `true` and `false`.","location":{"start":{"line":39,"column":5},"end":{"line":39,"column":35}},"status":"Killed","statusReason":"PHPUnit 9.5.25 #StandWithUkraine\n\nF\n\nTime: 00:00.428, Memory: 36.50 MB\n\nThere was 1 failure:\n\n1) Tests\\Feature\\Cms\\EventTest::when_updating_an_event_if_not_found_an_error_is_returned\nFailed asserting that two arrays are equal.\n--- Expected\n+++ Actual\n@@ @@\n Array (\n     'data' => Array ()\n     'http_status' => 400\n-    'msg' => 'cms.events.error_not_found'\n+    'msg' => 'Call to a member function update() on null'\n     'success' => false\n )\n\n\/var\/www\/html\/vendor\/laravel\/framework\/src\/Illuminate\/Testing\/TestResponse.php:1183\n\/var\/www\/html\/tests\/Feature\/Cms\/EventTest.php:129\n\nFAILURES!\nTests: 1, Assertions: 1, Failures: 1.","coveredBy":["549ba700db62fb1ebbb5985d7b54ec90","dae9d8df40e12382204c566adbaecff1","ec12931070f5a8484ffa91d11806df4a"],"killedBy":["dae9d8df40e12382204c566adbaecff1"],"testsCompleted":1},{"id":"b0d3a8d4d73f40adea0b48b99c99a04c","mutatorName":"InstanceOf_","replacement":"if (false) {","description":"Replaces an instanceof comparison with `true` and `false`.","location":{"start":{"line":39,"column":5},"end":{"line":39,"column":35}},"status":"Killed","statusReason":"PHPUnit 9.5.25 #StandWithUkraine\n\nF\n\nTime: 00:00.415, Memory: 36.50 MB\n\nThere was 1 failure:\n\n1) Tests\\Feature\\Cms\\EventTest::an_event_can_be_updated\nFailed asserting that two arrays are equal.\n--- Expected\n+++ Actual\n@@ @@\n Array (\n     'data' => Array ()\n-    'http_status' => 200\n-    'msg' => 'cms.events.success_update'\n-    'success' => true\n+    'http_status' => 400\n+    'msg' => 'cms.events.error_not_found'\n+    'success' => false\n )\n\n\/var\/www\/html\/vendor\/laravel\/framework\/src\/Illuminate\/Testing\/TestResponse.php:1183\n\/var\/www\/html\/tests\/Feature\/Cms\/EventTest.php:92\n\nFAILURES!\nTests: 1, Assertions: 1, Failures: 1.","coveredBy":["549ba700db62fb1ebbb5985d7b54ec90","dae9d8df40e12382204c566adbaecff1","ec12931070f5a8484ffa91d11806df4a"],"killedBy":["ec12931070f5a8484ffa91d11806df4a"],"testsCompleted":1},{"id":"7ced0bfd67f31160ef858d34acfc90de","mutatorName":"Throw_","replacement":"new Exception(trans('cms.events.error_not_found'));","description":"Removes a throw statement (`throw`). For example:\n\n```php\nthrow new Exception();\n```\n\nWill be mutated to:\n\n```php\nnew Exception();\n```\n","location":{"start":{"line":42,"column":5},"end":{"line":42,"column":62}},"status":"Killed","statusReason":"PHPUnit 9.5.25 #StandWithUkraine\n\nF\n\nTime: 00:00.486, Memory: 36.50 MB\n\nThere was 1 failure:\n\n1) Tests\\Feature\\Cms\\EventTest::when_updating_an_event_if_not_found_an_error_is_returned\nFailed asserting that two arrays are equal.\n--- Expected\n+++ Actual\n@@ @@\n Array (\n     'data' => Array ()\n     'http_status' => 400\n-    'msg' => 'cms.events.error_not_found'\n+    'msg' => 'Call to a member function update() on null'\n     'success' => false\n )\n\n\/var\/www\/html\/vendor\/laravel\/framework\/src\/Illuminate\/Testing\/TestResponse.php:1183\n\/var\/www\/html\/tests\/Feature\/Cms\/EventTest.php:129\n\nFAILURES!\nTests: 1, Assertions: 1, Failures: 1.","coveredBy":["dae9d8df40e12382204c566adbaecff1"],"killedBy":["dae9d8df40e12382204c566adbaecff1"],"testsCompleted":1}]},"Services\/GroupService.php":{"language":"php","source":"<?php\n\nnamespace App\\Services;\n\nuse App\\Models\\Group;\nuse App\\Interfaces\\CRUD;\nuse Exception;\n\nclass GroupService implements CRUD\n{\n  public function listAll()\n  {\n    return Group::all();\n  }\n\n  public function create(array $data)\n  {\n    $modules_id = array_pop($data);\n\n    $group = Group::create($data);\n    $group->modules()->attach($modules_id);\n\n    return cms_response(trans('cms.groups.success_create'));\n  }\n\n  public function update(int $id, array $data)\n  {\n    try {\n      $modules_ids = $data['modules'];\n      unset($data['modules']);\n      $group = $this->__findOrFail($id);\n\n      $group->update($data);\n      $group->modules()->sync($modules_ids);\n\n      return cms_response(trans('cms.groups.success_update'));\n    } catch (\\Throwable $th) {\n      return cms_response($th->getMessage(), false, 400);\n    }\n  }\n\n\n  public function delete(string $ids)\n  {\n    Group::whereIn('id', json_decode($ids))->delete();\n    return cms_response(trans('cms.groups.success_delete'));\n  }\n\n  private function __findOrFail(int $id)\n  {\n    $group = Group::find($id);\n    if ($group instanceof Group) {\n      return $group;\n    }\n    throw new Exception(trans('cms.groups.error_not_found'));\n  }\n}\n","mutants":[{"id":"9e073d9fc8911e94a268b7ca969e4750","mutatorName":"FunctionCall","replacement":"cms_response(trans('cms.groups.success_create'));\n        return null;","description":"Replaces a returned evaluated function with `null` instead. The function evaluation statement is kept\nin order to preserve potential side effects. For example:\n\n```php\nclass X {\n    function foo()\n    {\n        return bar();\n    }\n}\n```\n\nWill be mutated to:\n\n```php\nclass X {\n    function foo()\n    {\n        bar();\n        return null;\n    }\n}\n```\n","location":{"start":{"line":23,"column":5},"end":{"line":23,"column":61}},"status":"Killed","statusReason":"PHPUnit 9.5.25 #StandWithUkraine\n\nF\n\nTime: 00:00.422, Memory: 36.50 MB\n\nThere was 1 failure:\n\n1) Tests\\Feature\\Cms\\GroupsTest::a_group_can_be_created\nnull does not match expected type \"array\".\n\n\/var\/www\/html\/vendor\/laravel\/framework\/src\/Illuminate\/Testing\/TestResponse.php:1183\n\/var\/www\/html\/tests\/Feature\/Cms\/GroupsTest.php:49\n\nFAILURES!\nTests: 1, Assertions: 1, Failures: 1.","coveredBy":["322c6d273bd9068eca81eac38cb810b4","573a13e955d9829e12345daa656411a5"],"killedBy":["322c6d273bd9068eca81eac38cb810b4"],"testsCompleted":1},{"id":"5c7f7198023d9ee51772ff8179e49b94","mutatorName":"FunctionCall","replacement":"cms_response(trans('cms.groups.success_update'));\n            return null;","description":"Replaces a returned evaluated function with `null` instead. The function evaluation statement is kept\nin order to preserve potential side effects. For example:\n\n```php\nclass X {\n    function foo()\n    {\n        return bar();\n    }\n}\n```\n\nWill be mutated to:\n\n```php\nclass X {\n    function foo()\n    {\n        bar();\n        return null;\n    }\n}\n```\n","location":{"start":{"line":36,"column":7},"end":{"line":36,"column":63}},"status":"Killed","statusReason":"PHPUnit 9.5.25 #StandWithUkraine\n\nF\n\nTime: 00:00.452, Memory: 36.50 MB\n\nThere was 1 failure:\n\n1) Tests\\Feature\\Cms\\GroupsTest::a_group_can_be_updated\nnull does not match expected type \"array\".\n\n\/var\/www\/html\/vendor\/laravel\/framework\/src\/Illuminate\/Testing\/TestResponse.php:1183\n\/var\/www\/html\/tests\/Feature\/Cms\/GroupsTest.php:84\n\nFAILURES!\nTests: 1, Assertions: 1, Failures: 1.","coveredBy":["ca492c4ea0c14b8c4b3bf7df9dfa3103","c60044f09c06534bb17200fc444268ea"],"killedBy":["ca492c4ea0c14b8c4b3bf7df9dfa3103"],"testsCompleted":1},{"id":"9995e214cb625da2c4e0652482461431","mutatorName":"FalseValue","replacement":"return cms_response($th->getMessage(), true, 400);","description":"Replaces a boolean literal (`false`) with its opposite value (`true`). ","location":{"start":{"line":38,"column":7},"end":{"line":38,"column":58}},"status":"Killed","statusReason":"PHPUnit 9.5.25 #StandWithUkraine\n\nF\n\nTime: 00:00.432, Memory: 36.50 MB\n\nThere was 1 failure:\n\n1) Tests\\Feature\\Cms\\GroupsTest::when_updating_a_group_if_it_snt_found_an_error_is_returned\nFailed asserting that two arrays are equal.\n--- Expected\n+++ Actual\n@@ @@\n     'data' => Array ()\n     'http_status' => 400\n     'msg' => 'cms.groups.error_not_found'\n-    'success' => false\n+    'success' => true\n )\n\n\/var\/www\/html\/vendor\/laravel\/framework\/src\/Illuminate\/Testing\/TestResponse.php:1183\n\/var\/www\/html\/tests\/Feature\/Cms\/GroupsTest.php:101\n\nFAILURES!\nTests: 1, Assertions: 1, Failures: 1.","coveredBy":["2624518e100fb332126f8e702263c3f6"],"killedBy":["2624518e100fb332126f8e702263c3f6"],"testsCompleted":1},{"id":"5cfc2ff33cc93a5d85fcbb8bfb3845c5","mutatorName":"DecrementInteger","replacement":"return cms_response($th->getMessage(), false, 399);","description":"Decrements an integer value with 1.","location":{"start":{"line":38,"column":7},"end":{"line":38,"column":58}},"status":"Killed","statusReason":"PHPUnit 9.5.25 #StandWithUkraine\n\nF\n\nTime: 00:00.476, Memory: 36.50 MB\n\nThere was 1 failure:\n\n1) Tests\\Feature\\Cms\\GroupsTest::when_updating_a_group_if_it_snt_found_an_error_is_returned\nFailed asserting that two arrays are equal.\n--- Expected\n+++ Actual\n@@ @@\n Array (\n     'data' => Array ()\n-    'http_status' => 400\n+    'http_status' => 399\n     'msg' => 'cms.groups.error_not_found'\n     'success' => false\n )\n\n\/var\/www\/html\/vendor\/laravel\/framework\/src\/Illuminate\/Testing\/TestResponse.php:1183\n\/var\/www\/html\/tests\/Feature\/Cms\/GroupsTest.php:101\n\nFAILURES!\nTests: 1, Assertions: 1, Failures: 1.","coveredBy":["2624518e100fb332126f8e702263c3f6"],"killedBy":["2624518e100fb332126f8e702263c3f6"],"testsCompleted":1},{"id":"7007b452b316023dd48d33459b4e49f5","mutatorName":"IncrementInteger","replacement":"return cms_response($th->getMessage(), false, 401);","description":"Increments an integer value with 1.","location":{"start":{"line":38,"column":7},"end":{"line":38,"column":58}},"status":"Killed","statusReason":"PHPUnit 9.5.25 #StandWithUkraine\n\nF\n\nTime: 00:00.420, Memory: 36.50 MB\n\nThere was 1 failure:\n\n1) Tests\\Feature\\Cms\\GroupsTest::when_updating_a_group_if_it_snt_found_an_error_is_returned\nFailed asserting that two arrays are equal.\n--- Expected\n+++ Actual\n@@ @@\n Array (\n     'data' => Array ()\n-    'http_status' => 400\n+    'http_status' => 401\n     'msg' => 'cms.groups.error_not_found'\n     'success' => false\n )\n\n\/var\/www\/html\/vendor\/laravel\/framework\/src\/Illuminate\/Testing\/TestResponse.php:1183\n\/var\/www\/html\/tests\/Feature\/Cms\/GroupsTest.php:101\n\nFAILURES!\nTests: 1, Assertions: 1, Failures: 1.","coveredBy":["2624518e100fb332126f8e702263c3f6"],"killedBy":["2624518e100fb332126f8e702263c3f6"],"testsCompleted":1},{"id":"51c28f52ae67e860683b6a62424c56f7","mutatorName":"FunctionCall","replacement":"cms_response($th->getMessage(), false, 400);\n            return null;","description":"Replaces a returned evaluated function with `null` instead. The function evaluation statement is kept\nin order to preserve potential side effects. For example:\n\n```php\nclass X {\n    function foo()\n    {\n        return bar();\n    }\n}\n```\n\nWill be mutated to:\n\n```php\nclass X {\n    function foo()\n    {\n        bar();\n        return null;\n    }\n}\n```\n","location":{"start":{"line":38,"column":7},"end":{"line":38,"column":58}},"status":"Killed","statusReason":"PHPUnit 9.5.25 #StandWithUkraine\n\nF\n\nTime: 00:00.422, Memory: 36.50 MB\n\nThere was 1 failure:\n\n1) Tests\\Feature\\Cms\\GroupsTest::when_updating_a_group_if_it_snt_found_an_error_is_returned\nnull does not match expected type \"array\".\n\n\/var\/www\/html\/vendor\/laravel\/framework\/src\/Illuminate\/Testing\/TestResponse.php:1183\n\/var\/www\/html\/tests\/Feature\/Cms\/GroupsTest.php:101\n\nFAILURES!\nTests: 1, Assertions: 1, Failures: 1.","coveredBy":["2624518e100fb332126f8e702263c3f6"],"killedBy":["2624518e100fb332126f8e702263c3f6"],"testsCompleted":1},{"id":"b83029bf170002371afed21a3e99bd58","mutatorName":"FunctionCall","replacement":"cms_response(trans('cms.groups.success_delete'));\n        return null;","description":"Replaces a returned evaluated function with `null` instead. The function evaluation statement is kept\nin order to preserve potential side effects. For example:\n\n```php\nclass X {\n    function foo()\n    {\n        return bar();\n    }\n}\n```\n\nWill be mutated to:\n\n```php\nclass X {\n    function foo()\n    {\n        bar();\n        return null;\n    }\n}\n```\n","location":{"start":{"line":46,"column":5},"end":{"line":46,"column":61}},"status":"Killed","statusReason":"PHPUnit 9.5.25 #StandWithUkraine\n\nF\n\nTime: 00:00.405, Memory: 36.50 MB\n\nThere was 1 failure:\n\n1) Tests\\Feature\\Cms\\GroupsTest::groups_can_be_excluded\nnull does not match expected type \"array\".\n\n\/var\/www\/html\/vendor\/laravel\/framework\/src\/Illuminate\/Testing\/TestResponse.php:1183\n\/var\/www\/html\/tests\/Feature\/Cms\/GroupsTest.php:131\n\nFAILURES!\nTests: 1, Assertions: 1, Failures: 1.","coveredBy":["1de9e2e943ac13250391991994223567"],"killedBy":["1de9e2e943ac13250391991994223567"],"testsCompleted":1},{"id":"7d8bf12fa8a4989eb744b1a29095e4e1","mutatorName":"InstanceOf_","replacement":"if (true) {","description":"Replaces an instanceof comparison with `true` and `false`.","location":{"start":{"line":52,"column":5},"end":{"line":52,"column":35}},"status":"Killed","statusReason":"PHPUnit 9.5.25 #StandWithUkraine\n\nF\n\nTime: 00:00.448, Memory: 36.50 MB\n\nThere was 1 failure:\n\n1) Tests\\Feature\\Cms\\GroupsTest::when_updating_a_group_if_it_snt_found_an_error_is_returned\nFailed asserting that two arrays are equal.\n--- Expected\n+++ Actual\n@@ @@\n Array (\n     'data' => Array ()\n     'http_status' => 400\n-    'msg' => 'cms.groups.error_not_found'\n+    'msg' => 'Call to a member function update() on null'\n     'success' => false\n )\n\n\/var\/www\/html\/vendor\/laravel\/framework\/src\/Illuminate\/Testing\/TestResponse.php:1183\n\/var\/www\/html\/tests\/Feature\/Cms\/GroupsTest.php:101\n\nFAILURES!\nTests: 1, Assertions: 1, Failures: 1.","coveredBy":["2624518e100fb332126f8e702263c3f6","ca492c4ea0c14b8c4b3bf7df9dfa3103","c60044f09c06534bb17200fc444268ea"],"killedBy":["2624518e100fb332126f8e702263c3f6"],"testsCompleted":1},{"id":"efce89c9379152559ae7a46f31189777","mutatorName":"InstanceOf_","replacement":"if (false) {","description":"Replaces an instanceof comparison with `true` and `false`.","location":{"start":{"line":52,"column":5},"end":{"line":52,"column":35}},"status":"Killed","statusReason":"PHPUnit 9.5.25 #StandWithUkraine\n\nF\n\nTime: 00:00.380, Memory: 36.50 MB\n\nThere was 1 failure:\n\n1) Tests\\Feature\\Cms\\GroupsTest::a_group_can_be_updated\nFailed asserting that two arrays are equal.\n--- Expected\n+++ Actual\n@@ @@\n Array (\n     'data' => Array ()\n-    'http_status' => 200\n-    'msg' => 'cms.groups.success_update'\n-    'success' => true\n+    'http_status' => 400\n+    'msg' => 'cms.groups.error_not_found'\n+    'success' => false\n )\n\n\/var\/www\/html\/vendor\/laravel\/framework\/src\/Illuminate\/Testing\/TestResponse.php:1183\n\/var\/www\/html\/tests\/Feature\/Cms\/GroupsTest.php:84\n\nFAILURES!\nTests: 1, Assertions: 1, Failures: 1.","coveredBy":["2624518e100fb332126f8e702263c3f6","ca492c4ea0c14b8c4b3bf7df9dfa3103","c60044f09c06534bb17200fc444268ea"],"killedBy":["ca492c4ea0c14b8c4b3bf7df9dfa3103"],"testsCompleted":1},{"id":"45f944e6d9a108213a4b817bdc87f27b","mutatorName":"Throw_","replacement":"new Exception(trans('cms.groups.error_not_found'));","description":"Removes a throw statement (`throw`). For example:\n\n```php\nthrow new Exception();\n```\n\nWill be mutated to:\n\n```php\nnew Exception();\n```\n","location":{"start":{"line":55,"column":5},"end":{"line":55,"column":62}},"status":"Killed","statusReason":"PHPUnit 9.5.25 #StandWithUkraine\n\nF\n\nTime: 00:00.417, Memory: 36.50 MB\n\nThere was 1 failure:\n\n1) Tests\\Feature\\Cms\\GroupsTest::when_updating_a_group_if_it_snt_found_an_error_is_returned\nFailed asserting that two arrays are equal.\n--- Expected\n+++ Actual\n@@ @@\n Array (\n     'data' => Array ()\n     'http_status' => 400\n-    'msg' => 'cms.groups.error_not_found'\n+    'msg' => 'Call to a member function update() on null'\n     'success' => false\n )\n\n\/var\/www\/html\/vendor\/laravel\/framework\/src\/Illuminate\/Testing\/TestResponse.php:1183\n\/var\/www\/html\/tests\/Feature\/Cms\/GroupsTest.php:101\n\nFAILURES!\nTests: 1, Assertions: 1, Failures: 1.","coveredBy":["2624518e100fb332126f8e702263c3f6"],"killedBy":["2624518e100fb332126f8e702263c3f6"],"testsCompleted":1}]},"Services\/TicketService.php":{"language":"php","source":"<?php\n\nnamespace App\\Services;\n\nuse App\\Models\\Ticket;\nuse App\\Interfaces\\CRUD;\nuse Exception;\n\nclass TicketService implements CRUD\n{\n\n  public function create(array $data)\n  {\n    Ticket::create($data);\n    return cms_response(trans('cms.ticket.success_create'));\n  }\n\n  public function update(int $id, array $data)\n  {\n  }\n\n  public function delete(string $ids)\n  {\n  }\n}\n","mutants":[{"id":"760141b30dab741f556637afd4d4019e","mutatorName":"FunctionCall","replacement":"cms_response(trans('cms.ticket.success_create'));\n        return null;","description":"Replaces a returned evaluated function with `null` instead. The function evaluation statement is kept\nin order to preserve potential side effects. For example:\n\n```php\nclass X {\n    function foo()\n    {\n        return bar();\n    }\n}\n```\n\nWill be mutated to:\n\n```php\nclass X {\n    function foo()\n    {\n        bar();\n        return null;\n    }\n}\n```\n","location":{"start":{"line":15,"column":5},"end":{"line":15,"column":61}},"status":"Killed","statusReason":"PHPUnit 9.5.25 #StandWithUkraine\n\nF\n\nTime: 00:00.440, Memory: 36.50 MB\n\nThere was 1 failure:\n\n1) Tests\\Feature\\Cms\\TicketTest::a_ticket_can_be_created\nnull does not match expected type \"array\".\n\n\/var\/www\/html\/vendor\/laravel\/framework\/src\/Illuminate\/Testing\/TestResponse.php:1183\n\/var\/www\/html\/tests\/Feature\/Cms\/TicketTest.php:38\n\nFAILURES!\nTests: 1, Assertions: 1, Failures: 1.","coveredBy":["2054ff405b249fed10b07b94e8723079"],"killedBy":["2054ff405b249fed10b07b94e8723079"],"testsCompleted":1}]}},"testFiles":{"\/var\/www\/html\/tests\/Feature\/AuthTest.php":{"tests":[{"id":"e808c7fb9693ce2bd5c97f16179b4294","name":"Tests\\Feature\\AuthTest::a_user_can_access_the_login_page"},{"id":"90af962a62aee1e77a73d32623be71a3","name":"Tests\\Feature\\AuthTest::a_user_receives_an_error_message_if_already_logged"},{"id":"6f85f8652c3ce0d0db0b344459290929","name":"Tests\\Feature\\AuthTest::a_user_cant_login_with_wrong_password"},{"id":"ae3940dba639d222857e340992721445","name":"Tests\\Feature\\AuthTest::a_user_can_login"}]},"\/var\/www\/html\/tests\/Feature\/Cms\/GroupsTest.php":{"tests":[{"id":"ae2a0f37f24d8e6fa720bb2a7cc3ed8c","name":"Tests\\Feature\\Cms\\GroupsTest::a_user_can_see_the_listing_of_groups"},{"id":"322c6d273bd9068eca81eac38cb810b4","name":"Tests\\Feature\\Cms\\GroupsTest::a_group_can_be_created"},{"id":"573a13e955d9829e12345daa656411a5","name":"Tests\\Feature\\Cms\\GroupsTest::creating_a_group_persists_its_data_to_the_database"},{"id":"ca492c4ea0c14b8c4b3bf7df9dfa3103","name":"Tests\\Feature\\Cms\\GroupsTest::a_group_can_be_updated"},{"id":"c60044f09c06534bb17200fc444268ea","name":"Tests\\Feature\\Cms\\GroupsTest::when_a_group_is_updated_its_data_is_persisted_to_the_database"},{"id":"2624518e100fb332126f8e702263c3f6","name":"Tests\\Feature\\Cms\\GroupsTest::when_updating_a_group_if_it_snt_found_an_error_is_returned"},{"id":"1de9e2e943ac13250391991994223567","name":"Tests\\Feature\\Cms\\GroupsTest::groups_can_be_excluded"}]},"\/var\/www\/html\/tests\/Feature\/Cms\/UsersTest.php":{"tests":[{"id":"405feb722e3c58c433efe65b70d8e4c7","name":"Tests\\Feature\\Cms\\UsersTest::a_user_can_be_created"},{"id":"5db6c6f251b2366bff6e8b4cdb0842bf","name":"Tests\\Feature\\Cms\\UsersTest::a_user_can_be_updated"},{"id":"0b8b10ea2fd17eaefd227c8d47c4de37","name":"Tests\\Feature\\Cms\\UsersTest::a_user_can_be_updated_without_updating_its_password"},{"id":"dfc3975b3fdb1cbb541c746cccc8f008","name":"Tests\\Feature\\Cms\\UsersTest::if_the_user_isnt_found_an_error_is_returned"},{"id":"f725ae16547de2b4a60c6445e2443603","name":"Tests\\Feature\\Cms\\UsersTest::users_can_be_excluded"}]},"\/var\/www\/html\/tests\/Feature\/Cms\/EventTest.php":{"tests":[{"id":"638a37f20c5d27a6cdc6f16b370f6037","name":"Tests\\Feature\\Cms\\EventTest::an_event_can_be_created"},{"id":"bd1b2aa22e434dca5c7847c859fecc1a","name":"Tests\\Feature\\Cms\\EventTest::when_an_event_is_created_its_data_is_persited_to_the_database"},{"id":"549ba700db62fb1ebbb5985d7b54ec90","name":"Tests\\Feature\\Cms\\EventTest::when_an_event_is_updated_its_data_is_persisted_to_the_database"},{"id":"ec12931070f5a8484ffa91d11806df4a","name":"Tests\\Feature\\Cms\\EventTest::an_event_can_be_updated"},{"id":"dae9d8df40e12382204c566adbaecff1","name":"Tests\\Feature\\Cms\\EventTest::when_updating_an_event_if_not_found_an_error_is_returned"},{"id":"0539f2980963854a287e7b333f5191d8","name":"Tests\\Feature\\Cms\\EventTest::events_can_be_excluded"}]},"\/var\/www\/html\/tests\/Feature\/Cms\/TicketTest.php":{"tests":[{"id":"2054ff405b249fed10b07b94e8723079","name":"Tests\\Feature\\Cms\\TicketTest::a_ticket_can_be_created"}]}},"framework":{"name":"Infection","branding":{"homepageUrl":"https:\/\/infection.github.io\/","imageUrl":"https:\/\/infection.github.io\/images\/logo.png"}}}
            ;
        </script>
    </body>
</html>